<?xml version="1.0" encoding="UTF-8"?>
<!-- Generated by org.testng.reporters.JUnitXMLReporter -->
<testsuite ignored="0" hostname="DESKTOP-SBD8UHN" failures="0" tests="5" name="Authentication Service Tests" time="0.55" errors="0" timestamp="2026-08-04T21:22:23 IST">
  <testcase classname="com.eps.service.impl.AuthenticationServiceTest" name="testLoginInvalidPassword" time="0.087"/>
  <testcase classname="com.eps.service.impl.AuthenticationServiceTest" name="testLoginSuccess" time="0.011"/>
  <testcase classname="com.eps.service.impl.AuthenticationServiceTest" name="testLoginUserNotFound" time="0.0"/>
  <testcase classname="com.eps.service.impl.AuthenticationServiceTest" name="testRegisterUserEmailAlreadyExists" time="0.016"/>
  <testcase classname="com.eps.service.impl.AuthenticationServiceTest" name="testRegisterUserSuccess" time="0.032"/>
</testsuite> <!-- Authentication Service Tests -->
