<?xml version="1.0" encoding="UTF-8"?>
<!-- Generated by org.testng.reporters.JUnitXMLReporter -->
<testsuite ignored="0" hostname="DESKTOP-SBD8UHN" failures="0" tests="7" name="Repository Tests" time="0.367" errors="0" timestamp="2026-08-04T21:22:24 IST">
  <testcase classname="com.eps.repository.UserRepositoryTest" name="testExistsByEmailFalse" time="0.0">
    <skipped/>
  </testcase> <!-- testExistsByEmailFalse -->
  <testcase classname="com.eps.repository.UserRepositoryTest" name="testExistsByEmailTrue" time="0.0">
    <skipped/>
  </testcase> <!-- testExistsByEmailTrue -->
  <testcase classname="com.eps.repository.UserRepositoryTest" name="testFindByEmailNotFound" time="0.0">
    <skipped/>
  </testcase> <!-- testFindByEmailNotFound -->
  <testcase classname="com.eps.repository.UserRepositoryTest" name="testFindByEmailSuccess" time="0.0">
    <skipped/>
  </testcase> <!-- testFindByEmailSuccess -->
  <testcase classname="com.eps.repository.RoleRepositoryTest" name="testFindByRoleNameAdmin" time="0.0">
    <skipped/>
  </testcase> <!-- testFindByRoleNameAdmin -->
  <testcase classname="com.eps.repository.RoleRepositoryTest" name="testFindByRoleNameNotFound" time="0.0">
    <skipped/>
  </testcase> <!-- testFindByRoleNameNotFound -->
  <testcase classname="com.eps.repository.RoleRepositoryTest" name="testFindByRoleNameUser" time="0.0">
    <skipped/>
  </testcase> <!-- testFindByRoleNameUser -->
</testsuite> <!-- Repository Tests -->
