<?xml version="1.0" encoding="UTF-8"?>
<!-- Generated by org.testng.reporters.JUnitXMLReporter -->
<testsuite ignored="0" hostname="DESKTOP-SBD8UHN" failures="0" tests="6" name="User Service Tests" time="0.041" errors="0" timestamp="2026-08-04T21:22:23 IST">
  <testcase classname="com.eps.service.impl.UserServiceTest" name="testEmailExistsFalse" time="0.0"/>
  <testcase classname="com.eps.service.impl.UserServiceTest" name="testEmailExistsTrue" time="0.0"/>
  <testcase classname="com.eps.service.impl.UserServiceTest" name="testGetUserByEmailNotFound" time="0.0"/>
  <testcase classname="com.eps.service.impl.UserServiceTest" name="testGetUserByEmailSuccess" time="0.015"/>
  <testcase classname="com.eps.service.impl.UserServiceTest" name="testGetUserByIdSuccess" time="0.0"/>
  <testcase classname="com.eps.service.impl.UserServiceTest" name="testSaveUserSuccess" time="0.0"/>
</testsuite> <!-- User Service Tests -->
