<?xml version="1.0" encoding="UTF-8"?>
<!-- Generated by org.testng.reporters.JUnitXMLReporter -->
<testsuite ignored="0" hostname="DESKTOP-SBD8UHN" failures="0" tests="11" name="Command line test" time="1.764" errors="0" timestamp="2026-08-04T21:22:41 IST">
  <testcase classname="com.eps.service.impl.AuthenticationServiceTest" name="testLoginInvalidPassword" time="0.062"/>
  <testcase classname="com.eps.service.impl.AuthenticationServiceTest" name="testLoginSuccess" time="0.021"/>
  <testcase classname="com.eps.service.impl.AuthenticationServiceTest" name="testLoginUserNotFound" time="0.002"/>
  <testcase classname="com.eps.service.impl.AuthenticationServiceTest" name="testRegisterUserEmailAlreadyExists" time="0.0"/>
  <testcase classname="com.eps.service.impl.AuthenticationServiceTest" name="testRegisterUserSuccess" time="0.021"/>
  <testcase classname="com.eps.service.impl.UserServiceTest" name="testEmailExistsFalse" time="0.001"/>
  <testcase classname="com.eps.service.impl.UserServiceTest" name="testEmailExistsTrue" time="0.001"/>
  <testcase classname="com.eps.service.impl.UserServiceTest" name="testGetUserByEmailNotFound" time="0.001"/>
  <testcase classname="com.eps.service.impl.UserServiceTest" name="testGetUserByEmailSuccess" time="0.001"/>
  <testcase classname="com.eps.service.impl.UserServiceTest" name="testGetUserByIdSuccess" time="0.002"/>
  <testcase classname="com.eps.service.impl.UserServiceTest" name="testSaveUserSuccess" time="0.004"/>
</testsuite> <!-- Command line test -->
