<?xml version="1.0" encoding="UTF-8"?>
<testng-results ignored="0" total="11" passed="11" failed="0" skipped="0">
  <reporter-output>
  </reporter-output>
  <suite started-at="2026-08-04T21:22:39 IST" name="Command line suite" finished-at="2026-08-04T21:22:41 IST" duration-ms="1764">
    <groups>
    </groups>
    <test started-at="2026-08-04T21:22:39 IST" name="Command line test" finished-at="2026-08-04T21:22:41 IST" duration-ms="1764">
      <class name="com.eps.service.impl.AuthenticationServiceTest">
        <test-method is-config="true" signature="setUp()[pri:0, instance:com.eps.service.impl.AuthenticationServiceTest@41e36e46]" started-at="2026-08-04T21:22:39 IST" name="setUp" finished-at="2026-08-04T21:22:41 IST" duration-ms="1387" status="PASS">
          <reporter-output>
          </reporter-output>
        </test-method> <!-- setUp -->
        <test-method signature="testLoginInvalidPassword()[pri:0, instance:com.eps.service.impl.AuthenticationServiceTest@41e36e46]" started-at="2026-08-04T21:22:41 IST" name="testLoginInvalidPassword" finished-at="2026-08-04T21:22:41 IST" duration-ms="62" status="PASS">
          <exception class="com.eps.exception.InvalidPasswordException">
            <message>
              <![CDATA[Invalid password]]>
            </message>
            <full-stacktrace>
              <![CDATA[com.eps.exception.InvalidPasswordException: Invalid password
at com.eps.service.impl.AuthenticationServiceImpl.login(AuthenticationServiceImpl.java:120)
at com.eps.service.impl.AuthenticationServiceTest.testLoginInvalidPassword(AuthenticationServiceTest.java:148)
at java.base/jdk.internal.reflect.NativeMethodAccessorImpl.invoke0(Native Method)
at java.base/jdk.internal.reflect.NativeMethodAccessorImpl.invoke(NativeMethodAccessorImpl.java:77)
at java.base/jdk.internal.reflect.DelegatingMethodAccessorImpl.invoke(DelegatingMethodAccessorImpl.java:43)
at java.base/java.lang.reflect.Method.invoke(Method.java:569)
at org.testng.internal.invokers.MethodInvocationHelper.invokeMethod(MethodInvocationHelper.java:141)
at org.testng.internal.invokers.TestInvoker.invokeMethod(TestInvoker.java:686)
at org.testng.internal.invokers.TestInvoker.invokeTestMethod(TestInvoker.java:230)
at org.testng.internal.invokers.MethodRunner.runInSequence(MethodRunner.java:63)
at org.testng.internal.invokers.TestInvoker$MethodInvocationAgent.invoke(TestInvoker.java:992)
at org.testng.internal.invokers.TestInvoker.invokeTestMethods(TestInvoker.java:203)
at org.testng.internal.invokers.TestMethodWorker.invokeTestMethods(TestMethodWorker.java:154)
at org.testng.internal.invokers.TestMethodWorker.run(TestMethodWorker.java:134)
at java.base/java.util.ArrayList.forEach(ArrayList.java:1511)
at org.testng.TestRunner.privateRun(TestRunner.java:739)
at org.testng.TestRunner.run(TestRunner.java:614)
at org.testng.SuiteRunner.runTest(SuiteRunner.java:421)
at org.testng.SuiteRunner.runSequentially(SuiteRunner.java:413)
at org.testng.SuiteRunner.privateRun(SuiteRunner.java:373)
at org.testng.SuiteRunner.run(SuiteRunner.java:312)
at org.testng.SuiteRunnerWorker.runSuite(SuiteRunnerWorker.java:52)
at org.testng.SuiteRunnerWorker.run(SuiteRunnerWorker.java:95)
at org.testng.TestNG.runSuitesSequentially(TestNG.java:1274)
at org.testng.TestNG.runSuitesLocally(TestNG.java:1208)
at org.testng.TestNG.runSuites(TestNG.java:1112)
at org.testng.TestNG.run(TestNG.java:1079)
at org.testng.TestNG.privateMain(TestNG.java:1430)
at org.testng.TestNG.main(TestNG.java:1394)
]]>
            </full-stacktrace>
          </exception> <!-- com.eps.exception.InvalidPasswordException -->
          <reporter-output>
          </reporter-output>
        </test-method> <!-- testLoginInvalidPassword -->
        <test-method signature="testLoginSuccess()[pri:0, instance:com.eps.service.impl.AuthenticationServiceTest@41e36e46]" started-at="2026-08-04T21:22:41 IST" name="testLoginSuccess" finished-at="2026-08-04T21:22:41 IST" duration-ms="21" status="PASS">
          <reporter-output>
          </reporter-output>
        </test-method> <!-- testLoginSuccess -->
        <test-method is-config="true" signature="setUp()[pri:0, instance:com.eps.service.impl.AuthenticationServiceTest@41e36e46]" started-at="2026-08-04T21:22:41 IST" name="setUp" finished-at="2026-08-04T21:22:41 IST" duration-ms="0" status="PASS">
          <reporter-output>
          </reporter-output>
        </test-method> <!-- setUp -->
        <test-method signature="testLoginUserNotFound()[pri:0, instance:com.eps.service.impl.AuthenticationServiceTest@41e36e46]" started-at="2026-08-04T21:22:41 IST" name="testLoginUserNotFound" finished-at="2026-08-04T21:22:41 IST" duration-ms="2" status="PASS">
          <exception class="com.eps.exception.UserNotFoundException">
            <message>
              <![CDATA[User not found with email: nonexistent@example.com]]>
            </message>
            <full-stacktrace>
              <![CDATA[com.eps.exception.UserNotFoundException: User not found with email: nonexistent@example.com
at com.eps.service.impl.AuthenticationServiceImpl.login(AuthenticationServiceImpl.java:106)
at com.eps.service.impl.AuthenticationServiceTest.testLoginUserNotFound(AuthenticationServiceTest.java:125)
at java.base/jdk.internal.reflect.NativeMethodAccessorImpl.invoke0(Native Method)
at java.base/jdk.internal.reflect.NativeMethodAccessorImpl.invoke(NativeMethodAccessorImpl.java:77)
at java.base/jdk.internal.reflect.DelegatingMethodAccessorImpl.invoke(DelegatingMethodAccessorImpl.java:43)
at java.base/java.lang.reflect.Method.invoke(Method.java:569)
at org.testng.internal.invokers.MethodInvocationHelper.invokeMethod(MethodInvocationHelper.java:141)
at org.testng.internal.invokers.TestInvoker.invokeMethod(TestInvoker.java:686)
at org.testng.internal.invokers.TestInvoker.invokeTestMethod(TestInvoker.java:230)
at org.testng.internal.invokers.MethodRunner.runInSequence(MethodRunner.java:63)
at org.testng.internal.invokers.TestInvoker$MethodInvocationAgent.invoke(TestInvoker.java:992)
at org.testng.internal.invokers.TestInvoker.invokeTestMethods(TestInvoker.java:203)
at org.testng.internal.invokers.TestMethodWorker.invokeTestMethods(TestMethodWorker.java:154)
at org.testng.internal.invokers.TestMethodWorker.run(TestMethodWorker.java:134)
at java.base/java.util.ArrayList.forEach(ArrayList.java:1511)
at org.testng.TestRunner.privateRun(TestRunner.java:739)
at org.testng.TestRunner.run(TestRunner.java:614)
at org.testng.SuiteRunner.runTest(SuiteRunner.java:421)
at org.testng.SuiteRunner.runSequentially(SuiteRunner.java:413)
at org.testng.SuiteRunner.privateRun(SuiteRunner.java:373)
at org.testng.SuiteRunner.run(SuiteRunner.java:312)
at org.testng.SuiteRunnerWorker.runSuite(SuiteRunnerWorker.java:52)
at org.testng.SuiteRunnerWorker.run(SuiteRunnerWorker.java:95)
at org.testng.TestNG.runSuitesSequentially(TestNG.java:1274)
at org.testng.TestNG.runSuitesLocally(TestNG.java:1208)
at org.testng.TestNG.runSuites(TestNG.java:1112)
at org.testng.TestNG.run(TestNG.java:1079)
at org.testng.TestNG.privateMain(TestNG.java:1430)
at org.testng.TestNG.main(TestNG.java:1394)
]]>
            </full-stacktrace>
          </exception> <!-- com.eps.exception.UserNotFoundException -->
          <reporter-output>
          </reporter-output>
        </test-method> <!-- testLoginUserNotFound -->
        <test-method is-config="true" signature="setUp()[pri:0, instance:com.eps.service.impl.AuthenticationServiceTest@41e36e46]" started-at="2026-08-04T21:22:41 IST" name="setUp" finished-at="2026-08-04T21:22:41 IST" duration-ms="0" status="PASS">
          <reporter-output>
          </reporter-output>
        </test-method> <!-- setUp -->
        <test-method signature="testRegisterUserEmailAlreadyExists()[pri:0, instance:com.eps.service.impl.AuthenticationServiceTest@41e36e46]" started-at="2026-08-04T21:22:41 IST" name="testRegisterUserEmailAlreadyExists" finished-at="2026-08-04T21:22:41 IST" duration-ms="0" status="PASS">
          <exception class="com.eps.exception.EmailAlreadyExistsException">
            <message>
              <![CDATA[Email already registered: existing@example.com]]>
            </message>
            <full-stacktrace>
              <![CDATA[com.eps.exception.EmailAlreadyExistsException: Email already registered: existing@example.com
at com.eps.service.impl.AuthenticationServiceImpl.registerUser(AuthenticationServiceImpl.java:43)
at com.eps.service.impl.AuthenticationServiceTest.testRegisterUserEmailAlreadyExists(AuthenticationServiceTest.java:80)
at java.base/jdk.internal.reflect.NativeMethodAccessorImpl.invoke0(Native Method)
at java.base/jdk.internal.reflect.NativeMethodAccessorImpl.invoke(NativeMethodAccessorImpl.java:77)
at java.base/jdk.internal.reflect.DelegatingMethodAccessorImpl.invoke(DelegatingMethodAccessorImpl.java:43)
at java.base/java.lang.reflect.Method.invoke(Method.java:569)
at org.testng.internal.invokers.MethodInvocationHelper.invokeMethod(MethodInvocationHelper.java:141)
at org.testng.internal.invokers.TestInvoker.invokeMethod(TestInvoker.java:686)
at org.testng.internal.invokers.TestInvoker.invokeTestMethod(TestInvoker.java:230)
at org.testng.internal.invokers.MethodRunner.runInSequence(MethodRunner.java:63)
at org.testng.internal.invokers.TestInvoker$MethodInvocationAgent.invoke(TestInvoker.java:992)
at org.testng.internal.invokers.TestInvoker.invokeTestMethods(TestInvoker.java:203)
at org.testng.internal.invokers.TestMethodWorker.invokeTestMethods(TestMethodWorker.java:154)
at org.testng.internal.invokers.TestMethodWorker.run(TestMethodWorker.java:134)
at java.base/java.util.ArrayList.forEach(ArrayList.java:1511)
at org.testng.TestRunner.privateRun(TestRunner.java:739)
at org.testng.TestRunner.run(TestRunner.java:614)
at org.testng.SuiteRunner.runTest(SuiteRunner.java:421)
at org.testng.SuiteRunner.runSequentially(SuiteRunner.java:413)
at org.testng.SuiteRunner.privateRun(SuiteRunner.java:373)
at org.testng.SuiteRunner.run(SuiteRunner.java:312)
at org.testng.SuiteRunnerWorker.runSuite(SuiteRunnerWorker.java:52)
at org.testng.SuiteRunnerWorker.run(SuiteRunnerWorker.java:95)
at org.testng.TestNG.runSuitesSequentially(TestNG.java:1274)
at org.testng.TestNG.runSuitesLocally(TestNG.java:1208)
at org.testng.TestNG.runSuites(TestNG.java:1112)
at org.testng.TestNG.run(TestNG.java:1079)
at org.testng.TestNG.privateMain(TestNG.java:1430)
at org.testng.TestNG.main(TestNG.java:1394)
]]>
            </full-stacktrace>
          </exception> <!-- com.eps.exception.EmailAlreadyExistsException -->
          <reporter-output>
          </reporter-output>
        </test-method> <!-- testRegisterUserEmailAlreadyExists -->
        <test-method is-config="true" signature="setUp()[pri:0, instance:com.eps.service.impl.AuthenticationServiceTest@41e36e46]" started-at="2026-08-04T21:22:41 IST" name="setUp" finished-at="2026-08-04T21:22:41 IST" duration-ms="0" status="PASS">
          <reporter-output>
          </reporter-output>
        </test-method> <!-- setUp -->
        <test-method is-config="true" signature="setUp()[pri:0, instance:com.eps.service.impl.AuthenticationServiceTest@41e36e46]" started-at="2026-08-04T21:22:41 IST" name="setUp" finished-at="2026-08-04T21:22:41 IST" duration-ms="5" status="PASS">
          <reporter-output>
          </reporter-output>
        </test-method> <!-- setUp -->
        <test-method signature="testRegisterUserSuccess()[pri:0, instance:com.eps.service.impl.AuthenticationServiceTest@41e36e46]" started-at="2026-08-04T21:22:41 IST" name="testRegisterUserSuccess" finished-at="2026-08-04T21:22:41 IST" duration-ms="21" status="PASS">
          <reporter-output>
          </reporter-output>
        </test-method> <!-- testRegisterUserSuccess -->
      </class> <!-- com.eps.service.impl.AuthenticationServiceTest -->
      <class name="com.eps.service.impl.UserServiceTest">
        <test-method is-config="true" signature="setUp()[pri:0, instance:com.eps.service.impl.UserServiceTest@1d9b7cce]" started-at="2026-08-04T21:22:41 IST" name="setUp" finished-at="2026-08-04T21:22:41 IST" duration-ms="173" status="PASS">
          <reporter-output>
          </reporter-output>
        </test-method> <!-- setUp -->
        <test-method signature="testEmailExistsFalse()[pri:0, instance:com.eps.service.impl.UserServiceTest@1d9b7cce]" started-at="2026-08-04T21:22:41 IST" name="testEmailExistsFalse" finished-at="2026-08-04T21:22:41 IST" duration-ms="1" status="PASS">
          <reporter-output>
          </reporter-output>
        </test-method> <!-- testEmailExistsFalse -->
        <test-method is-config="true" signature="setUp()[pri:0, instance:com.eps.service.impl.UserServiceTest@1d9b7cce]" started-at="2026-08-04T21:22:41 IST" name="setUp" finished-at="2026-08-04T21:22:41 IST" duration-ms="1" status="PASS">
          <reporter-output>
          </reporter-output>
        </test-method> <!-- setUp -->
        <test-method signature="testEmailExistsTrue()[pri:0, instance:com.eps.service.impl.UserServiceTest@1d9b7cce]" started-at="2026-08-04T21:22:41 IST" name="testEmailExistsTrue" finished-at="2026-08-04T21:22:41 IST" duration-ms="1" status="PASS">
          <reporter-output>
          </reporter-output>
        </test-method> <!-- testEmailExistsTrue -->
        <test-method is-config="true" signature="setUp()[pri:0, instance:com.eps.service.impl.UserServiceTest@1d9b7cce]" started-at="2026-08-04T21:22:41 IST" name="setUp" finished-at="2026-08-04T21:22:41 IST" duration-ms="1" status="PASS">
          <reporter-output>
          </reporter-output>
        </test-method> <!-- setUp -->
        <test-method signature="testGetUserByEmailNotFound()[pri:0, instance:com.eps.service.impl.UserServiceTest@1d9b7cce]" started-at="2026-08-04T21:22:41 IST" name="testGetUserByEmailNotFound" finished-at="2026-08-04T21:22:41 IST" duration-ms="1" status="PASS">
          <reporter-output>
          </reporter-output>
        </test-method> <!-- testGetUserByEmailNotFound -->
        <test-method is-config="true" signature="setUp()[pri:0, instance:com.eps.service.impl.UserServiceTest@1d9b7cce]" started-at="2026-08-04T21:22:41 IST" name="setUp" finished-at="2026-08-04T21:22:41 IST" duration-ms="1" status="PASS">
          <reporter-output>
          </reporter-output>
        </test-method> <!-- setUp -->
        <test-method signature="testGetUserByEmailSuccess()[pri:0, instance:com.eps.service.impl.UserServiceTest@1d9b7cce]" started-at="2026-08-04T21:22:41 IST" name="testGetUserByEmailSuccess" finished-at="2026-08-04T21:22:41 IST" duration-ms="1" status="PASS">
          <reporter-output>
          </reporter-output>
        </test-method> <!-- testGetUserByEmailSuccess -->
        <test-method signature="testGetUserByIdSuccess()[pri:0, instance:com.eps.service.impl.UserServiceTest@1d9b7cce]" started-at="2026-08-04T21:22:41 IST" name="testGetUserByIdSuccess" finished-at="2026-08-04T21:22:41 IST" duration-ms="2" status="PASS">
          <reporter-output>
          </reporter-output>
        </test-method> <!-- testGetUserByIdSuccess -->
        <test-method is-config="true" signature="setUp()[pri:0, instance:com.eps.service.impl.UserServiceTest@1d9b7cce]" started-at="2026-08-04T21:22:41 IST" name="setUp" finished-at="2026-08-04T21:22:41 IST" duration-ms="0" status="PASS">
          <reporter-output>
          </reporter-output>
        </test-method> <!-- setUp -->
        <test-method signature="testSaveUserSuccess()[pri:0, instance:com.eps.service.impl.UserServiceTest@1d9b7cce]" started-at="2026-08-04T21:22:41 IST" name="testSaveUserSuccess" finished-at="2026-08-04T21:22:41 IST" duration-ms="4" status="PASS">
          <reporter-output>
          </reporter-output>
        </test-method> <!-- testSaveUserSuccess -->
        <test-method is-config="true" signature="setUp()[pri:0, instance:com.eps.service.impl.UserServiceTest@1d9b7cce]" started-at="2026-08-04T21:22:41 IST" name="setUp" finished-at="2026-08-04T21:22:41 IST" duration-ms="0" status="PASS">
          <reporter-output>
          </reporter-output>
        </test-method> <!-- setUp -->
      </class> <!-- com.eps.service.impl.UserServiceTest -->
    </test> <!-- Command line test -->
  </suite> <!-- Command line suite -->
</testng-results>
