<?xml version="1.0" encoding="UTF-8"?>
<!-- Generated by org.testng.reporters.JUnitReportReporter -->
<testsuite hostname="DESKTOP-SBD8UHN" failures="0" tests="5" name="com.eps.service.impl.AuthenticationServiceTest" time="1.498" errors="0" timestamp="2026-08-04T21:22:42 IST" skipped="0">
  <testcase classname="com.eps.service.impl.AuthenticationServiceTest" name="testLoginInvalidPassword" time="0.062"/>
  <testcase classname="com.eps.service.impl.AuthenticationServiceTest" name="testLoginUserNotFound" time="1.389"/>
  <testcase classname="com.eps.service.impl.AuthenticationServiceTest" name="testRegisterUserEmailAlreadyExists" time="0.000"/>
  <testcase classname="com.eps.service.impl.AuthenticationServiceTest" name="testRegisterUserSuccess" time="0.021"/>
  <testcase classname="com.eps.service.impl.AuthenticationServiceTest" name="testLoginSuccess" time="0.026"/>
</testsuite> <!-- com.eps.service.impl.AuthenticationServiceTest -->
