<?xml version="1.0" encoding="UTF-8"?>
<!-- Generated by org.testng.reporters.JUnitReportReporter -->
<testsuite hostname="DESKTOP-SBD8UHN" failures="0" tests="6" name="com.eps.service.impl.UserServiceTest" time="0.186" errors="0" timestamp="2026-08-04T21:22:42 IST" skipped="0">
  <testcase classname="com.eps.service.impl.UserServiceTest" name="testSaveUserSuccess" time="0.004"/>
  <testcase classname="com.eps.service.impl.UserServiceTest" name="testEmailExistsTrue" time="0.002"/>
  <testcase classname="com.eps.service.impl.UserServiceTest" name="testGetUserByIdSuccess" time="0.002"/>
  <testcase classname="com.eps.service.impl.UserServiceTest" name="testGetUserByEmailSuccess" time="0.002"/>
  <testcase classname="com.eps.service.impl.UserServiceTest" name="testGetUserByEmailNotFound" time="0.174"/>
  <testcase classname="com.eps.service.impl.UserServiceTest" name="testEmailExistsFalse" time="0.002"/>
</testsuite> <!-- com.eps.service.impl.UserServiceTest -->
